1687083869584	geckodriver	INFO	Listening on 127.0.0.1:51389
1687083872667	mozrunner::runner	INFO	Running command: "C:\\Program Files\\Mozilla Firefox\\firefox.exe" "--marionette" "--remote-debugging-port" "51390" "--remote-allow-hosts" "localhost" "-no-remote" "-profile" "C:\\Users\\Bence\\AppData\\Local\\Temp\\rust_mozprofile4VWiDx"
console.warn: services.settings: Ignoring preference override of remote settings server
console.warn: services.settings: Allow by setting MOZ_REMOTE_SETTINGS_DEVTOOLS=1 in the environment
1687083873109	Marionette	INFO	Marionette enabled
Dynamically enable window occlusion 0
1687083873116	Marionette	INFO	Listening on port 51406
WebDriver BiDi listening on ws://127.0.0.1:51390
Read port: 51406
1687083873512	RemoteAgent	WARN	TLS certificate errors will be ignored for this session
DevTools listening on ws://127.0.0.1:51390/devtools/browser/7dcd6e1f-cb86-4b28-a405-34d28a926700
console.warn: LoginRecipes: "Falling back to a synchronous message for: https://www.mcdfoodforthoughts.com."
JavaScript error: resource://gre/modules/AsyncShutdown.sys.mjs, line 575: NotFoundError: No such JSWindowActor 'DevToolsFrame'
1687084529048	Marionette	INFO	Stopped listening on port 51406
Dynamically enable window occlusion 1
1687084530529	geckodriver	INFO	Listening on 127.0.0.1:51669
1687084533568	mozrunner::runner	INFO	Running command: "C:\\Program Files\\Mozilla Firefox\\firefox.exe" "--marionette" "--remote-debugging-port" "51670" "--remote-allow-hosts" "localhost" "-no-remote" "-profile" "C:\\Users\\Bence\\AppData\\Local\\Temp\\rust_mozprofileBakuZv"
console.warn: services.settings: Ignoring preference override of remote settings server
console.warn: services.settings: Allow by setting MOZ_REMOTE_SETTINGS_DEVTOOLS=1 in the environment
1687084533848	Marionette	INFO	Marionette enabled
Dynamically enable window occlusion 0
1687084533852	Marionette	INFO	Listening on port 51682
Read port: 51682
WebDriver BiDi listening on ws://127.0.0.1:51670
1687084533945	RemoteAgent	WARN	TLS certificate errors will be ignored for this session
DevTools listening on ws://127.0.0.1:51670/devtools/browser/ab48b1e8-a7fd-4b46-a6ab-cd18b70439d0
console.warn: LoginRecipes: "Falling back to a synchronous message for: https://www.mcdfoodforthoughts.com."
JavaScript error: resource://gre/modules/AsyncShutdown.sys.mjs, line 575: NotFoundError: No such JSWindowActor 'DevToolsFrame'
1687084553901	Marionette	INFO	Stopped listening on port 51682
Dynamically enable window occlusion 1
1687084554897	geckodriver	INFO	Listening on 127.0.0.1:51730
1687084557946	mozrunner::runner	INFO	Running command: "C:\\Program Files\\Mozilla Firefox\\firefox.exe" "--marionette" "--remote-debugging-port" "51731" "--remote-allow-hosts" "localhost" "-no-remote" "-profile" "C:\\Users\\Bence\\AppData\\Local\\Temp\\rust_mozprofileSSGCg3"
console.warn: services.settings: Ignoring preference override of remote settings server
console.warn: services.settings: Allow by setting MOZ_REMOTE_SETTINGS_DEVTOOLS=1 in the environment
1687084558207	Marionette	INFO	Marionette enabled
Dynamically enable window occlusion 0
1687084558211	Marionette	INFO	Listening on port 51740
WebDriver BiDi listening on ws://127.0.0.1:51731
Read port: 51740
1687084558385	RemoteAgent	WARN	TLS certificate errors will be ignored for this session
DevTools listening on ws://127.0.0.1:51731/devtools/browser/b0548d46-72cf-4d91-8036-4b97c5af7295
console.warn: LoginRecipes: "Falling back to a synchronous message for: https://www.mcdfoodforthoughts.com."
console.warn: LoginRecipes: "Falling back to a synchronous message for: https://www.mcdfoodforthoughts.com."
console.warn: LoginRecipes: "Falling back to a synchronous message for: https://www.mcdfoodforthoughts.com."
JavaScript error: https://www.mcdfoodforthoughts.com/Projects/MCDUK_CSI/jscript/AmountSpent.js, line 16: TypeError: document.getElementById(...) is null
1687086556676	Marionette	INFO	Stopped listening on port 51740
Dynamically enable window occlusion 1
